# JRE version: Java(TM) SE Runtime Environment 18.9 (11.0.12+8) (build 11.0.12+8-LTS-237)
# Java VM: Java HotSpot(TM) 64-Bit Server VM 18.9 (11.0.12+8-LTS-237, mixed mode, tiered, g1 gc, windows-amd64)
Heap:
 garbage-first heap   total 13271040K, used 822174K [0x0000019646000000, 0x000001b646000000)
  region size 32768K, 1 young (32768K), 1 survivors (32768K)
 Metaspace       used 27872K, capacity 28110K, committed 28160K, reserved 28672K
GC Heap History (10 events):
Event: 94.309 GC heap after
{Heap after GC invocations=54 (full 0):
 garbage-first heap   total 4751360K, used 823608K [0x0000019646000000, 0x000001b646000000)
  region size 32768K, 5 young (163840K), 5 survivors (163840K)
 Metaspace       used 27856K, capacity 28110K, committed 28160K, reserved 28672K
}
Event: 97.051 GC heap before
{Heap before GC invocations=54 (full 0):
 garbage-first heap   total 4751360K, used 3510584K [0x0000019646000000, 0x000001b646000000)
  region size 32768K, 87 young (2850816K), 5 survivors (163840K)
 Metaspace       used 27868K, capacity 28110K, committed 28160K, reserved 28672K
}
Event: 97.093 GC heap after
{Heap after GC invocations=55 (full 0):
 garbage-first heap   total 5701632K, used 807667K [0x0000019646000000, 0x000001b646000000)
  region size 32768K, 4 young (131072K), 4 survivors (131072K)
 Metaspace       used 27868K, capacity 28110K, committed 28160K, reserved 28672K
}
Event: 105.283 GC heap before
{Heap before GC invocations=55 (full 0):
 garbage-first heap   total 5701632K, used 4084467K [0x0000019646000000, 0x000001b646000000)
  region size 32768K, 104 young (3407872K), 4 survivors (131072K)
 Metaspace       used 27872K, capacity 28110K, committed 28160K, reserved 28672K
}
Event: 105.344 GC heap after
{Heap after GC invocations=56 (full 0):
 garbage-first heap   total 5701632K, used 817186K [0x0000019646000000, 0x000001b646000000)
  region size 32768K, 5 young (163840K), 5 survivors (163840K)
 Metaspace       used 27872K, capacity 28110K, committed 28160K, reserved 28672K
}
Event: 116.783 GC heap before
{Heap before GC invocations=56 (full 0):
 garbage-first heap   total 5701632K, used 4061218K [0x0000019646000000, 0x000001b646000000)
  region size 32768K, 104 young (3407872K), 5 survivors (163840K)
 Metaspace       used 27872K, capacity 28110K, committed 28160K, reserved 28672K
}
Event: 116.850 GC heap after
{Heap after GC invocations=57 (full 0):
 garbage-first heap   total 5701632K, used 859625K [0x0000019646000000, 0x000001b646000000)
  region size 32768K, 6 young (196608K), 6 survivors (196608K)
 Metaspace       used 27872K, capacity 28110K, committed 28160K, reserved 28672K
}
Event: 135.053 GC heap before
{Heap before GC invocations=57 (full 0):
 garbage-first heap   total 5701632K, used 4070889K [0x0000019646000000, 0x000001b646000000)
  region size 32768K, 104 young (3407872K), 6 survivors (196608K)
 Metaspace       used 27872K, capacity 28110K, committed 28160K, reserved 28672K
}
Event: 138.773 GC heap after
{Heap after GC invocations=58 (full 0):
 garbage-first heap   total 5701632K, used 856809K [0x0000019646000000, 0x000001b646000000)
  region size 32768K, 4 young (131072K), 4 survivors (131072K)
 Metaspace       used 27872K, capacity 28110K, committed 28160K, reserved 28672K
}
Event: 139.282 GC heap before
{Heap before GC invocations=58 (full 0):
 garbage-first heap   total 5701632K, used 987881K [0x0000019646000000, 0x000001b646000000)
  region size 32768K, 8 young (262144K), 4 survivors (131072K)
 Metaspace       used 27872K, capacity 28110K, committed 28160K, reserved 28672K
}

