# JRE version: Java(TM) SE Runtime Environment 18.9 (11.0.12+8) (build 11.0.12+8-LTS-237)
# Java VM: Java HotSpot(TM) 64-Bit Server VM 18.9 (11.0.12+8-LTS-237, mixed mode, tiered, g1 gc, windows-amd64)
Heap:
 garbage-first heap   total 36667392K, used 1367801K [0x0000026142000000, 0x0000028142000000)
  region size 32768K, 3 young (98304K), 3 survivors (98304K)
 Metaspace       used 27304K, capacity 27588K, committed 27648K, reserved 28672K
GC Heap History (10 events):
Event: 19.740 GC heap after
{Heap after GC invocations=30 (full 0):
 garbage-first heap   total 12222464K, used 1001435K [0x0000026142000000, 0x0000028142000000)
  region size 32768K, 4 young (131072K), 4 survivors (131072K)
 Metaspace       used 27301K, capacity 27588K, committed 27648K, reserved 28672K
}
Event: 21.496 GC heap before
{Heap before GC invocations=30 (full 0):
 garbage-first heap   total 12222464K, used 1460187K [0x0000026142000000, 0x0000028142000000)
  region size 32768K, 18 young (589824K), 4 survivors (131072K)
 Metaspace       used 27303K, capacity 27588K, committed 27648K, reserved 28672K
}
Event: 23.222 GC heap after
{Heap after GC invocations=31 (full 0):
 garbage-first heap   total 12222464K, used 1023653K [0x0000026142000000, 0x0000028142000000)
  region size 32768K, 2 young (65536K), 2 survivors (65536K)
 Metaspace       used 27303K, capacity 27588K, committed 27648K, reserved 28672K
}
Event: 23.785 GC heap before
{Heap before GC invocations=31 (full 0):
 garbage-first heap   total 12222464K, used 1547941K [0x0000026142000000, 0x0000028142000000)
  region size 32768K, 18 young (589824K), 2 survivors (65536K)
 Metaspace       used 27304K, capacity 27588K, committed 27648K, reserved 28672K
}
Event: 23.799 GC heap after
{Heap after GC invocations=32 (full 0):
 garbage-first heap   total 12222464K, used 1018619K [0x0000026142000000, 0x0000028142000000)
  region size 32768K, 1 young (32768K), 1 survivors (32768K)
 Metaspace       used 27304K, capacity 27588K, committed 27648K, reserved 28672K
}
Event: 24.494 GC heap before
{Heap before GC invocations=32 (full 0):
 garbage-first heap   total 12222464K, used 1575675K [0x0000026142000000, 0x0000028142000000)
  region size 32768K, 18 young (589824K), 1 survivors (32768K)
 Metaspace       used 27304K, capacity 27588K, committed 27648K, reserved 28672K
}
Event: 26.160 GC heap after
{Heap after GC invocations=33 (full 0):
 garbage-first heap   total 12222464K, used 1226511K [0x0000026142000000, 0x0000028142000000)
  region size 32768K, 3 young (98304K), 3 survivors (98304K)
 Metaspace       used 27304K, capacity 27588K, committed 27648K, reserved 28672K
}
Event: 26.734 GC heap before
{Heap before GC invocations=33 (full 0):
 garbage-first heap   total 12222464K, used 1718031K [0x0000026142000000, 0x0000028142000000)
  region size 32768K, 18 young (589824K), 3 survivors (98304K)
 Metaspace       used 27304K, capacity 27588K, committed 27648K, reserved 28672K
}
Event: 26.818 GC heap after
{Heap after GC invocations=34 (full 0):
 garbage-first heap   total 12222464K, used 1294024K [0x0000026142000000, 0x0000028142000000)
  region size 32768K, 3 young (98304K), 3 survivors (98304K)
 Metaspace       used 27304K, capacity 27588K, committed 27648K, reserved 28672K
}
Event: 27.286 GC heap before
{Heap before GC invocations=34 (full 0):
 garbage-first heap   total 12222464K, used 1785544K [0x0000026142000000, 0x0000028142000000)
  region size 32768K, 18 young (589824K), 3 survivors (98304K)
 Metaspace       used 27304K, capacity 27588K, committed 27648K, reserved 28672K
}

