# JRE version: Java(TM) SE Runtime Environment 18.9 (11.0.12+8) (build 11.0.12+8-LTS-237)
# Java VM: Java HotSpot(TM) 64-Bit Server VM 18.9 (11.0.12+8-LTS-237, mixed mode, tiered, g1 gc, windows-amd64)
Heap:
 garbage-first heap   total 29392896K, used 1507194K [0x0000025258000000, 0x0000027258000000)
  region size 32768K, 2 young (65536K), 2 survivors (65536K)
 Metaspace       used 27368K, capacity 27670K, committed 27904K, reserved 28672K
GC Heap History (10 events):
Event: 16.581 GC heap after
{Heap after GC invocations=30 (full 0):
 garbage-first heap   total 12091392K, used 1092830K [0x0000025258000000, 0x0000027258000000)
  region size 32768K, 2 young (65536K), 2 survivors (65536K)
 Metaspace       used 27363K, capacity 27670K, committed 27904K, reserved 28672K
}
Event: 22.914 GC heap before
{Heap before GC invocations=30 (full 0):
 garbage-first heap   total 12091392K, used 2206942K [0x0000025258000000, 0x0000027258000000)
  region size 32768K, 36 young (1179648K), 2 survivors (65536K)
 Metaspace       used 27366K, capacity 27670K, committed 27904K, reserved 28672K
}
Event: 23.825 GC heap after
{Heap after GC invocations=31 (full 0):
 garbage-first heap   total 12091392K, used 1277952K [0x0000025258000000, 0x0000027258000000)
  region size 32768K, 5 young (163840K), 5 survivors (163840K)
 Metaspace       used 27366K, capacity 27670K, committed 27904K, reserved 28672K
}
Event: 24.777 GC heap before
{Heap before GC invocations=31 (full 0):
 garbage-first heap   total 12091392K, used 1703936K [0x0000025258000000, 0x0000027258000000)
  region size 32768K, 18 young (589824K), 5 survivors (163840K)
 Metaspace       used 27367K, capacity 27670K, committed 27904K, reserved 28672K
}
Event: 24.873 GC heap after
{Heap after GC invocations=32 (full 0):
 garbage-first heap   total 12091392K, used 1320801K [0x0000025258000000, 0x0000027258000000)
  region size 32768K, 2 young (65536K), 2 survivors (65536K)
 Metaspace       used 27367K, capacity 27670K, committed 27904K, reserved 28672K
}
Event: 25.631 GC heap before
{Heap before GC invocations=32 (full 0):
 garbage-first heap   total 12091392K, used 1845089K [0x0000025258000000, 0x0000027258000000)
  region size 32768K, 18 young (589824K), 2 survivors (65536K)
 Metaspace       used 27367K, capacity 27670K, committed 27904K, reserved 28672K
}
Event: 25.649 GC heap after
{Heap after GC invocations=33 (full 0):
 garbage-first heap   total 12091392K, used 1313249K [0x0000025258000000, 0x0000027258000000)
  region size 32768K, 1 young (32768K), 1 survivors (32768K)
 Metaspace       used 27367K, capacity 27670K, committed 27904K, reserved 28672K
}
Event: 26.531 GC heap before
{Heap before GC invocations=33 (full 0):
 garbage-first heap   total 12091392K, used 1870305K [0x0000025258000000, 0x0000027258000000)
  region size 32768K, 18 young (589824K), 1 survivors (32768K)
 Metaspace       used 27367K, capacity 27670K, committed 27904K, reserved 28672K
}
Event: 26.624 GC heap after
{Heap after GC invocations=34 (full 0):
 garbage-first heap   total 12091392K, used 1478818K [0x0000025258000000, 0x0000027258000000)
  region size 32768K, 3 young (98304K), 3 survivors (98304K)
 Metaspace       used 27367K, capacity 27670K, committed 27904K, reserved 28672K
}
Event: 27.301 GC heap before
{Heap before GC invocations=34 (full 0):
 garbage-first heap   total 12091392K, used 1970338K [0x0000025258000000, 0x0000027258000000)
  region size 32768K, 18 young (589824K), 3 survivors (98304K)
 Metaspace       used 27368K, capacity 27670K, committed 27904K, reserved 28672K
}

